TN:
SF:src/test-setup.ts
FNF:13
FNH:0
DA:8,11
DA:11,36
DA:12,21
DA:13,0
DA:14,0
DA:15,0
DA:16,0
DA:17,5
DA:18,43
DA:19,5
DA:20,5
DA:21,4
DA:22,6
DA:23,55
DA:24,5
DA:25,5
DA:26,4
DA:27,6
DA:28,27
DA:29,17
DA:30,0
DA:31,0
DA:32,0
DA:33,7
DA:34,25
DA:35,3
DA:36,3
DA:37,1
DA:39,38
DA:40,23
DA:41,0
DA:42,0
DA:43,0
DA:44,5
DA:45,23
DA:46,3
DA:47,1
DA:50,16
DA:53,48
DA:54,120
DA:60,92
DA:61,38
DA:62,3
DA:65,18
LF:44
LH:34
end_of_record
TN:
SF:src/viewmodels/devtools.service.ts
FNF:38
FNH:2
DA:28,32
DA:29,40
DA:30,10
DA:31,141
DA:49,38
DA:50,80
DA:51,83
DA:52,83
DA:53,86
DA:54,80
DA:55,83
DA:56,83
DA:57,68
DA:58,74
DA:59,71
DA:60,62
DA:62,44
DA:63,37
DA:65,27
DA:66,62
DA:72,0
DA:73,0
DA:74,0
DA:75,27
DA:81,0
DA:82,0
DA:83,0
DA:84,0
DA:85,0
DA:86,60
DA:92,0
DA:93,0
DA:94,0
DA:95,0
DA:96,0
DA:97,0
DA:98,0
DA:99,0
DA:100,0
DA:101,0
DA:102,0
DA:103,0
DA:104,0
DA:105,0
DA:106,0
DA:107,0
DA:108,0
DA:109,0
DA:110,0
DA:111,0
DA:112,0
DA:113,0
DA:114,0
DA:115,0
DA:116,0
DA:117,0
DA:118,0
DA:119,0
DA:120,0
DA:121,0
DA:122,0
DA:123,0
DA:124,0
DA:125,0
DA:126,0
DA:127,0
DA:128,0
DA:129,0
DA:130,0
DA:131,0
DA:132,0
DA:133,0
DA:134,0
DA:135,0
DA:136,0
DA:137,0
DA:138,0
DA:139,0
DA:140,0
DA:141,0
DA:142,0
DA:143,0
DA:144,0
DA:145,0
DA:146,0
DA:147,0
DA:148,0
DA:149,0
DA:150,0
DA:151,0
DA:152,0
DA:153,0
DA:154,0
DA:155,0
DA:156,0
DA:157,0
DA:158,0
DA:159,0
DA:160,0
DA:161,0
DA:162,0
DA:163,0
DA:164,0
DA:165,0
DA:166,0
DA:167,0
DA:168,0
DA:169,0
DA:170,0
DA:171,0
DA:172,0
DA:173,0
DA:174,0
DA:175,0
DA:176,0
DA:177,0
DA:178,0
DA:179,0
DA:180,0
DA:181,0
DA:182,0
DA:183,0
DA:184,0
DA:185,0
DA:186,0
DA:187,0
DA:188,0
DA:189,0
DA:190,0
DA:191,0
DA:192,0
DA:193,0
DA:194,0
DA:195,0
DA:196,0
DA:197,0
DA:198,0
DA:199,0
DA:200,0
DA:201,0
DA:202,0
DA:203,0
DA:204,0
DA:205,0
DA:206,0
DA:207,0
DA:208,0
DA:209,0
DA:210,0
DA:211,0
DA:212,0
DA:213,0
DA:214,0
DA:215,0
DA:216,0
DA:217,0
DA:218,0
DA:219,0
DA:220,0
DA:221,0
DA:222,0
DA:223,0
DA:224,0
DA:225,0
DA:226,0
DA:227,0
DA:228,0
DA:229,0
DA:230,0
DA:231,0
DA:232,0
DA:233,0
DA:234,0
DA:235,0
DA:236,0
DA:237,0
DA:238,0
DA:239,0
DA:240,0
DA:241,0
DA:242,0
DA:243,0
DA:244,0
DA:245,0
DA:246,0
DA:247,0
DA:248,0
DA:249,0
DA:250,0
DA:251,0
DA:252,0
DA:253,0
DA:254,0
DA:255,0
DA:256,0
DA:257,0
DA:258,0
DA:259,0
DA:260,0
DA:261,0
DA:262,0
DA:263,0
DA:264,0
DA:265,0
DA:266,66
DA:273,0
DA:274,0
DA:275,0
DA:276,0
DA:277,0
DA:278,0
DA:279,0
DA:280,0
DA:281,0
DA:282,0
DA:283,0
DA:284,0
DA:285,0
DA:286,0
DA:287,0
DA:288,0
DA:289,0
DA:290,0
DA:291,0
DA:292,0
DA:293,0
DA:294,0
DA:295,0
DA:296,0
DA:297,0
DA:298,0
DA:299,0
DA:300,0
DA:301,74
DA:308,0
DA:309,0
DA:310,0
DA:311,0
DA:312,0
DA:313,0
DA:314,0
DA:315,0
DA:316,0
DA:317,0
DA:318,0
DA:319,0
DA:320,0
DA:321,0
DA:322,0
DA:323,0
DA:324,0
DA:325,17
DA:331,0
DA:332,0
DA:333,0
DA:334,0
DA:335,0
DA:336,0
DA:337,0
DA:338,0
DA:339,0
DA:340,0
DA:341,0
DA:342,0
DA:343,0
DA:344,0
DA:345,0
DA:346,0
DA:347,0
DA:348,0
DA:349,0
DA:350,0
DA:351,0
DA:352,0
DA:353,0
DA:354,0
DA:355,0
DA:356,0
DA:357,0
DA:358,0
DA:359,0
DA:360,0
DA:361,0
DA:362,71
DA:369,0
DA:370,0
DA:371,0
DA:372,0
DA:373,0
DA:374,0
DA:375,0
DA:376,0
DA:377,0
DA:378,0
DA:379,0
DA:380,0
DA:381,0
DA:382,0
DA:383,0
DA:384,0
DA:385,0
DA:386,0
DA:387,0
DA:388,0
DA:389,0
DA:390,40
DA:396,0
DA:397,0
DA:398,0
DA:399,44
DA:405,0
DA:406,0
DA:407,0
DA:408,0
DA:409,0
DA:410,0
DA:411,0
DA:412,0
DA:413,0
DA:414,0
DA:415,0
DA:416,0
DA:417,0
DA:418,0
DA:419,0
DA:420,0
DA:421,0
DA:422,0
DA:423,0
DA:424,0
DA:425,0
DA:426,0
DA:427,0
DA:428,0
DA:429,0
DA:430,0
DA:431,0
DA:432,0
DA:433,0
DA:434,0
DA:435,0
DA:436,0
DA:437,0
DA:438,0
DA:439,0
DA:440,0
DA:441,0
DA:442,0
DA:443,0
DA:444,0
DA:445,0
DA:446,0
DA:447,0
DA:448,0
DA:449,0
DA:450,0
DA:451,0
DA:452,0
DA:453,0
DA:454,0
DA:455,0
DA:456,0
DA:457,0
DA:458,0
DA:459,0
DA:460,0
DA:461,0
DA:462,0
DA:463,0
DA:464,0
DA:465,0
DA:466,0
DA:467,8
DA:473,35
DA:475,0
DA:476,83
DA:477,12
DA:480,0
DA:481,0
DA:482,0
DA:483,0
DA:484,0
DA:485,8
DA:486,12
DA:489,0
DA:490,0
DA:491,0
DA:492,8
DA:493,12
DA:499,0
DA:500,0
DA:501,0
DA:502,0
DA:503,0
DA:504,0
DA:505,0
DA:506,0
DA:507,0
DA:508,0
DA:509,0
DA:510,0
DA:511,0
DA:512,0
DA:513,8
DA:519,0
DA:520,0
DA:521,62
DA:527,0
DA:528,56
DA:530,2
LF:410
LH:40
end_of_record
TN:
SF:src/viewmodels/event-bus.viewmodel.ts
FNF:13
FNH:0
DA:35,32
DA:36,40
DA:37,10
DA:38,149
DA:47,1
DA:49,19
DA:51,0
DA:52,0
DA:53,35
DA:56,0
DA:57,32
DA:60,0
DA:61,0
DA:62,0
DA:63,0
DA:64,0
DA:65,0
DA:66,0
DA:67,0
DA:68,0
DA:69,0
DA:70,0
DA:71,0
DA:72,0
DA:73,0
DA:74,0
DA:75,0
DA:76,0
DA:77,0
DA:78,0
DA:79,0
DA:80,0
DA:81,0
DA:82,0
DA:83,0
DA:84,0
DA:85,0
DA:86,0
DA:87,0
DA:88,0
DA:89,0
DA:90,13
DA:94,0
DA:95,59
DA:98,0
DA:99,0
DA:100,0
DA:101,0
DA:102,45
DA:106,0
DA:107,0
DA:108,0
DA:109,0
DA:110,0
DA:111,0
DA:112,0
DA:113,0
DA:114,0
DA:115,0
DA:116,0
DA:117,0
DA:118,0
DA:119,0
DA:120,0
DA:121,0
DA:122,0
DA:123,0
DA:124,0
DA:125,0
DA:126,0
DA:127,0
DA:128,0
DA:129,0
DA:130,0
DA:131,0
DA:132,0
DA:133,0
DA:134,0
DA:135,0
DA:136,0
DA:137,0
DA:138,0
DA:139,0
DA:140,0
DA:141,0
DA:142,0
DA:143,0
DA:144,0
DA:145,0
DA:146,0
DA:147,0
DA:148,0
DA:149,0
DA:150,0
DA:151,0
DA:152,0
DA:153,0
DA:154,0
DA:155,0
DA:156,22
DA:160,0
DA:161,0
DA:162,0
DA:163,0
DA:164,0
DA:165,0
DA:166,0
DA:167,0
DA:168,0
DA:169,0
DA:170,0
DA:171,0
DA:172,0
DA:173,18
DA:176,0
DA:177,0
DA:178,0
DA:179,0
DA:180,0
DA:181,0
DA:182,0
DA:183,13
DA:186,0
DA:187,24
DA:190,0
DA:191,0
DA:192,36
DA:195,0
DA:196,0
DA:197,0
DA:198,0
DA:199,0
DA:200,0
DA:201,0
DA:202,0
DA:203,0
DA:204,0
DA:205,0
DA:206,8
DA:209,0
DA:210,0
DA:211,0
DA:212,0
DA:213,6
DA:215,2
LF:145
LH:19
end_of_record
TN:
SF:src/viewmodels/logger.ts
FNF:14
FNH:4
DA:3,109
DA:6,13
DA:7,72
DA:8,84
DA:9,107
DA:10,10
DA:12,59
DA:13,144
DA:14,52
DA:15,22
DA:16,11
DA:19,0
DA:20,91
DA:23,0
DA:24,42
DA:27,0
DA:28,41
DA:31,0
DA:32,48
DA:35,0
DA:36,49
DA:39,0
DA:40,0
DA:41,0
DA:42,0
DA:43,0
DA:44,0
DA:45,0
DA:46,0
DA:47,0
DA:48,0
DA:49,0
DA:50,0
DA:51,0
DA:52,0
DA:53,0
DA:54,0
DA:55,0
DA:56,0
DA:57,0
DA:58,8
DA:60,2
DA:62,0
DA:63,0
DA:64,0
DA:65,0
DA:66,0
DA:67,0
DA:68,0
DA:69,0
DA:70,0
DA:71,0
DA:72,0
DA:73,0
DA:74,0
DA:75,0
DA:76,4
DA:79,50
DA:80,60
DA:81,80
DA:84,88
DA:85,104
DA:87,0
DA:88,0
DA:89,21
DA:92,79
DA:93,28
DA:94,41
DA:95,5
DA:96,82
DA:99,0
DA:100,29
DA:103,0
DA:104,18
LF:74
LH:32
end_of_record
TN:
SF:src/viewmodels/logging.viewmodel.ts
FNF:13
FNH:2
DA:1,86
DA:6,52
DA:7,32
DA:8,40
DA:9,36
DA:10,142
DA:11,4
DA:13,50
DA:14,24
DA:15,22
DA:16,22
DA:17,24
DA:18,22
DA:19,4
DA:21,58
DA:23,32
DA:24,40
DA:25,10
DA:26,209
DA:27,56
DA:28,30
DA:29,30
DA:30,35
DA:32,0
DA:33,0
DA:34,0
DA:35,0
DA:36,0
DA:37,8
DA:40,0
DA:41,0
DA:42,0
DA:43,0
DA:44,76
DA:47,0
DA:48,0
DA:49,0
DA:50,0
DA:51,0
DA:52,0
DA:53,0
DA:54,0
DA:55,0
DA:56,0
DA:57,0
DA:58,0
DA:59,0
DA:60,0
DA:61,7
DA:64,0
DA:65,96
DA:68,0
DA:69,31
DA:72,0
DA:73,24
DA:76,31
DA:77,50
DA:80,0
DA:81,30
DA:84,0
DA:85,0
DA:86,0
DA:87,0
DA:88,0
DA:89,0
DA:90,0
DA:91,0
DA:92,67
DA:95,0
DA:96,0
DA:97,0
DA:98,0
DA:99,0
DA:100,0
DA:101,0
DA:102,0
DA:103,0
DA:104,0
DA:105,0
DA:106,0
DA:107,0
DA:108,0
DA:109,0
DA:110,0
DA:111,14
DA:116,33
DA:117,92
DA:120,0
DA:121,47
DA:123,2
DA:125,0
DA:126,0
DA:127,0
DA:128,0
DA:129,0
DA:130,0
DA:131,0
DA:132,0
DA:133,0
DA:134,0
DA:135,0
DA:136,0
DA:137,0
DA:138,0
DA:139,0
DA:140,0
DA:141,0
DA:142,0
DA:143,0
DA:144,0
DA:145,0
DA:146,0
DA:147,0
DA:148,0
DA:149,0
DA:150,0
DA:151,0
DA:152,0
DA:153,0
DA:154,0
DA:155,0
DA:156,0
DA:157,0
DA:158,0
DA:159,0
DA:160,0
DA:161,23
LF:127
LH:39
end_of_record
